= Host-specific information ====================================================
$> hostname; uname -msr
e2r2p4.42.fr
Darwin 15.2.0 x86_64
$> date
Fri Jan  8 09:53:09 CET 2016
$> gcc --version
Configured with: --prefix=/Applications/Xcode.app/Contents/Developer/usr --with-gxx-include-dir=/usr/include/c++/4.2.1
Apple LLVM version 7.0.2 (clang-700.1.81)
Target: x86_64-apple-darwin15.2.0
Thread model: posix
$> clang --version
Apple LLVM version 7.0.2 (clang-700.1.81)
Target: x86_64-apple-darwin15.2.0
Thread model: posix

= User files collection ========================================================
Collecting user files from Vogsphere
Repository URL: auto-exam/2016/c-exam-beginner/practice-exam_20160108/fjacquem

= Git history ==================================================================
$> git -C /var/folders/45/30jq4_z911ld9vttfcgsdgbw0000gq/T/tmpaueP4V/user log --pretty='%H - %an, %ad : %s'
acc69c609cf938c67e5a0b9f713b5ee51576b55a - Faustin JACQUEMAIN, Fri Jan 8 09:52:54 2016 +0100 : repeat_alpha.c
5c94a8e914d073f9c00437995cddd2918bd3c8ab - Faustin JACQUEMAIN, Fri Jan 8 09:26:15 2016 +0100 : only_a.c
 
= Collected files ==========================================
$> ls -lAR /var/folders/45/30jq4_z911ld9vttfcgsdgbw0000gq/T/tmpaueP4V/user
total 8
-rw-r--r--  1 deepthought  deepthought  467 Jan  8 09:53 __GIT_HISTORY
drwxr-xr-x  3 deepthought  deepthought  102 Jan  8 09:53 only_a
drwxr-xr-x  3 deepthought  deepthought  102 Jan  8 09:53 repeat_alpha

/var/folders/45/30jq4_z911ld9vttfcgsdgbw0000gq/T/tmpaueP4V/user/only_a:
total 8
-rw-r--r--  1 deepthought  deepthought  70 Jan  8 09:53 only_a.c

/var/folders/45/30jq4_z911ld9vttfcgsdgbw0000gq/T/tmpaueP4V/user/repeat_alpha:
total 8
-rw-r--r--  1 deepthought  deepthought  466 Jan  8 09:53 repeat_alpha.c
 
= repeat_alpha =================================================================
$> clang -Wextra -Wall -Werror repeat_alpha.c -o user_exe 

= Test 1 ===================================================
$> ./korouye3wwql0virt7tpufsj 
$> diff -U 3 user_output_test1 test1.output | cat -e

Diff OK :D
= Test 2 ===================================================
$> ./m85srp2215w5fd10j4lad9gw lol mdr
$> diff -U 3 user_output_test2 test2.output | cat -e

Diff OK :D
= Test 3 ===================================================
$> ./nouylkfivpwaefx1g9mdy0sf zaz
$> diff -U 3 user_output_test3 test3.output | cat -e

Diff OK :D
= Test 4 ===================================================
$> ./rpya88o4e0neti2xa45g52gj "Alex."
$> diff -U 3 user_output_test4 test4.output | cat -e

Diff OK :D
= Test 5 ===================================================
$> ./kxatbo7d4puybf6req82fvf9 "abacadaba42"
$> diff -U 3 user_output_test5 test5.output | cat -e

Diff OK :D
= Test 6 ===================================================
$> ./cgko42ey8xnyt85a5xa4hlqn "qperez il est pas chaud!tr0l0l0l"
$> diff -U 3 user_output_test6 test6.output | cat -e

Diff OK :D
= Test 7 ===================================================
$> ./wtlc1bn8qun588bvm7tlq1ez "j'aime bien les poney"
$> diff -U 3 user_output_test7 test7.output | cat -e

Diff OK :D
Grade: 1

= Final grade: 1 ===============================================================
