= Host-specific information ====================================================
$> hostname; uname -msr
e2r5p19.42.fr
Darwin 15.2.0 x86_64
$> date
Tue Jan  5 20:14:28 CET 2016
$> gcc --version
Configured with: --prefix=/Applications/Xcode.app/Contents/Developer/usr --with-gxx-include-dir=/usr/include/c++/4.2.1
Apple LLVM version 7.0.2 (clang-700.1.81)
Target: x86_64-apple-darwin15.2.0
Thread model: posix
$> clang --version
Apple LLVM version 7.0.2 (clang-700.1.81)
Target: x86_64-apple-darwin15.2.0
Thread model: posix

= User files collection ========================================================
Collecting user files from Vogsphere
Repository URL: auto-exam/2016/c-exam-beginner/practice-exam_20160105/fjacquem3

= Git history ==================================================================
$> git -C /var/folders/kk/rfw6mzhx6556xzqj8hfsfdf80000gq/T/tmpci88s2/user log --pretty='%H - %an, %ad : %s'
ebc206c4caa039e5e3c9c40e8dd33f9479ac65ee - Faustin JACQUEMAIN, Tue Jan 5 20:14:13 2016 +0100 : swap_bits
22abc1200e9c049e0d710fc097ea2de5a70e1061 - Faustin JACQUEMAIN, Tue Jan 5 19:55:51 2016 +0100 : ulstr
159843359e4f646d4e48cd1e2f5ff212138f4da6 - Faustin JACQUEMAIN, Tue Jan 5 19:27:14 2016 +0100 : aff_last_param
 
= Collected files ==========================================
$> ls -lAR /var/folders/kk/rfw6mzhx6556xzqj8hfsfdf80000gq/T/tmpci88s2/user
total 8
-rw-r--r--  1 deepthought  deepthought  690 Jan  5 20:14 __GIT_HISTORY
drwxr-xr-x  3 deepthought  deepthought  102 Jan  5 20:14 aff_last_param
drwxr-xr-x  3 deepthought  deepthought  102 Jan  5 20:14 swap_bits
drwxr-xr-x  3 deepthought  deepthought  102 Jan  5 20:14 ulstr

/var/folders/kk/rfw6mzhx6556xzqj8hfsfdf80000gq/T/tmpci88s2/user/aff_last_param:
total 8
-rw-r--r--  1 deepthought  deepthought  179 Jan  5 20:14 aff_last_param.c

/var/folders/kk/rfw6mzhx6556xzqj8hfsfdf80000gq/T/tmpci88s2/user/swap_bits:
total 8
-rw-r--r--  1 deepthought  deepthought  124 Jan  5 20:14 swap_bits.c

/var/folders/kk/rfw6mzhx6556xzqj8hfsfdf80000gq/T/tmpci88s2/user/ulstr:
total 8
-rw-r--r--  1 deepthought  deepthought  434 Jan  5 20:14 ulstr.c
 
= swap_bits ====================================================================
$> clang -Wextra -Wall -Werror main.c swap_bits.c -o user_exe 

= Test 1 ===================================================
$> ./0utj71tpk2tysf2ttuvc51fj
$> diff -U 3 user_output_test1 test1.output | cat -e

Diff OK :D
Grade: 1

= Final grade: 1 ===============================================================
