= Host-specific information ====================================================
$> hostname; uname -msr
e2r13p9.42.fr
Darwin 15.2.0 x86_64
$> date
Tue Jan  5 21:00:29 CET 2016
$> gcc --version
Configured with: --prefix=/Applications/Xcode.app/Contents/Developer/usr --with-gxx-include-dir=/usr/include/c++/4.2.1
Apple LLVM version 7.0.2 (clang-700.1.81)
Target: x86_64-apple-darwin15.2.0
Thread model: posix
$> clang --version
Apple LLVM version 7.0.2 (clang-700.1.81)
Target: x86_64-apple-darwin15.2.0
Thread model: posix

= User files collection ========================================================
Collecting user files from Vogsphere
Repository URL: auto-exam/2016/c-exam-beginner/practice-exam_20160105/fjacquem3

= Git history ==================================================================
$> git -C /var/folders/kc/cmzdbhwj0wq63nmz248l6vnw0000gq/T/tmp2xAjj0/user log --pretty='%H - %an, %ad : %s'
66466b8c1fd7a159bd15181726dd0dc15916a244 - Faustin JACQUEMAIN, Tue Jan 5 21:00:18 2016 +0100 : ft_range
b1486b1ddca2e2f75de98106e096fcf1ae458d0c - Faustin JACQUEMAIN, Tue Jan 5 20:47:13 2016 +0100 : ft_rrange.c
ebc206c4caa039e5e3c9c40e8dd33f9479ac65ee - Faustin JACQUEMAIN, Tue Jan 5 20:14:13 2016 +0100 : swap_bits
22abc1200e9c049e0d710fc097ea2de5a70e1061 - Faustin JACQUEMAIN, Tue Jan 5 19:55:51 2016 +0100 : ulstr
159843359e4f646d4e48cd1e2f5ff212138f4da6 - Faustin JACQUEMAIN, Tue Jan 5 19:27:14 2016 +0100 : aff_last_param
 
= Collected files ==========================================
$> ls -lAR /var/folders/kc/cmzdbhwj0wq63nmz248l6vnw0000gq/T/tmp2xAjj0/user
total 8
-rw-r--r--  1 deepthought  deepthought  1158 Jan  5 21:00 __GIT_HISTORY
drwxr-xr-x  3 deepthought  deepthought   102 Jan  5 21:00 aff_last_param
drwxr-xr-x  3 deepthought  deepthought   102 Jan  5 21:00 ft_range
drwxr-xr-x  3 deepthought  deepthought   102 Jan  5 21:00 ft_rrange
drwxr-xr-x  3 deepthought  deepthought   102 Jan  5 21:00 swap_bits
drwxr-xr-x  3 deepthought  deepthought   102 Jan  5 21:00 ulstr

/var/folders/kc/cmzdbhwj0wq63nmz248l6vnw0000gq/T/tmp2xAjj0/user/aff_last_param:
total 8
-rw-r--r--  1 deepthought  deepthought  179 Jan  5 21:00 aff_last_param.c

/var/folders/kc/cmzdbhwj0wq63nmz248l6vnw0000gq/T/tmp2xAjj0/user/ft_range:
total 8
-rw-r--r--  1 deepthought  deepthought  355 Jan  5 21:00 ft_range.c

/var/folders/kc/cmzdbhwj0wq63nmz248l6vnw0000gq/T/tmp2xAjj0/user/ft_rrange:
total 8
-rw-r--r--  1 deepthought  deepthought  355 Jan  5 21:00 ft_rrange.c

/var/folders/kc/cmzdbhwj0wq63nmz248l6vnw0000gq/T/tmp2xAjj0/user/swap_bits:
total 8
-rw-r--r--  1 deepthought  deepthought  124 Jan  5 21:00 swap_bits.c

/var/folders/kc/cmzdbhwj0wq63nmz248l6vnw0000gq/T/tmp2xAjj0/user/ulstr:
total 8
-rw-r--r--  1 deepthought  deepthought  434 Jan  5 21:00 ulstr.c
 
= ft_range =====================================================================
$> clang -Wextra -Wall -Werror main.c ft_range.c -o user_exe 

= Test 1 ===================================================
$> ./ldep10wsm129rskiy2swtam5
$> diff -U 3 user_output_test1 test1.output | cat -e
--- user_output_test1	2016-01-05 21:00:32.000000000 +0100$
+++ test1.output	2016-01-05 21:00:32.000000000 +0100$
@@ -1891,945 +1891,945 @@$
 0$
 $
 1$
-2$
+0$
 $
 2$
-3$
-4$
+1$
+0$
 $
 3$
-4$
-5$
-6$
+2$
+1$
+0$
 $
 4$
-5$
-6$
-7$
-8$
+3$
+2$
+1$
+0$
 $
 5$
-6$
-7$
-8$
-9$
-10$
+4$
+3$
+2$
+1$
+0$
 $
 6$
-7$
-8$
-9$
-10$
-11$
-12$
+5$
+4$
+3$
+2$
+1$
+0$
 $
 7$
-8$
-9$
-10$
-11$
-12$
-13$
-14$
+6$
+5$
+4$
+3$
+2$
+1$
+0$
 $
 8$
-9$
-10$
-11$
-12$
-13$
-14$
-15$
-16$
+7$
+6$
+5$
+4$
+3$
+2$
+1$
+0$
 $
 9$
-10$
-11$
-12$
-13$
-14$
-15$
-16$
-17$
-18$
+8$
+7$
+6$
+5$
+4$
+3$
+2$
+1$
+0$
 $
 10$
-11$
-12$
-13$
-14$
-15$
-16$
-17$
-18$
-19$
-20$
+9$
+8$
+7$
+6$
+5$
+4$
+3$
+2$
+1$
+0$
 $
 11$
-12$
-13$
-14$
-15$
-16$
-17$
-18$
-19$
-20$
-21$
-22$
+10$
+9$
+8$
+7$
+6$
+5$
+4$
+3$
+2$
+1$
+0$
 $
 12$
-13$
-14$
-15$
-16$
-17$
-18$
-19$
-20$
-21$
-22$
-23$
-24$
+11$
+10$
+9$
+8$
+7$
+6$
+5$
+4$
+3$
+2$
+1$
+0$
 $
 13$
-14$
-15$
-16$
-17$
-18$
-19$
-20$
-21$
-22$
-23$
-24$
-25$
-26$
+12$
+11$
+10$
+9$
+8$
+7$
+6$
+5$
+4$
+3$
+2$
+1$
+0$
 $
 14$
-15$
-16$
-17$
-18$
-19$
-20$
-21$
-22$
-23$
-24$
-25$
-26$
-27$
-28$
+13$
+12$
+11$
+10$
+9$
+8$
+7$
+6$
+5$
+4$
+3$
+2$
+1$
+0$
 $
 15$
-16$
-17$
-18$
-19$
-20$
-21$
-22$
-23$
-24$
-25$
-26$
-27$
-28$
-29$
-30$
+14$
+13$
+12$
+11$
+10$
+9$
+8$
+7$
+6$
+5$
+4$
+3$
+2$
+1$
+0$
 $
 16$
-17$
-18$
-19$
-20$
-21$
-22$
-23$
-24$
-25$
-26$
-27$
-28$
-29$
-30$
-31$
-32$
+15$
+14$
+13$
+12$
+11$
+10$
+9$
+8$
+7$
+6$
+5$
+4$
+3$
+2$
+1$
+0$
 $
 17$
-18$
-19$
-20$
-21$
-22$
-23$
-24$
-25$
-26$
-27$
-28$
-29$
-30$
-31$
-32$
-33$
-34$
+16$
+15$
+14$
+13$
+12$
+11$
+10$
+9$
+8$
+7$
+6$
+5$
+4$
+3$
+2$
+1$
+0$
 $
 18$
-19$
-20$
-21$
-22$
-23$
-24$
-25$
-26$
-27$
-28$
-29$
-30$
-31$
-32$
-33$
-34$
-35$
-36$
+17$
+16$
+15$
+14$
+13$
+12$
+11$
+10$
+9$
+8$
+7$
+6$
+5$
+4$
+3$
+2$
+1$
+0$
 $
 19$
-20$
-21$
-22$
-23$
-24$
-25$
-26$
-27$
-28$
-29$
-30$
-31$
-32$
-33$
-34$
-35$
-36$
-37$
-38$
+18$
+17$
+16$
+15$
+14$
+13$
+12$
+11$
+10$
+9$
+8$
+7$
+6$
+5$
+4$
+3$
+2$
+1$
+0$
 $
 20$
-21$
-22$
-23$
-24$
-25$
-26$
-27$
-28$
-29$
-30$
-31$
-32$
-33$
-34$
-35$
-36$
-37$
-38$
-39$
-40$
+19$
+18$
+17$
+16$
+15$
+14$
+13$
+12$
+11$
+10$
+9$
+8$
+7$
+6$
+5$
+4$
+3$
+2$
+1$
+0$
 $
 21$
-22$
-23$
-24$
-25$
-26$
-27$
-28$
-29$
-30$
-31$
-32$
-33$
-34$
-35$
-36$
-37$
-38$
-39$
-40$
-41$
-42$
+20$
+19$
+18$
+17$
+16$
+15$
+14$
+13$
+12$
+11$
+10$
+9$
+8$
+7$
+6$
+5$
+4$
+3$
+2$
+1$
+0$
 $
 22$
-23$
-24$
-25$
-26$
-27$
-28$
-29$
-30$
-31$
-32$
-33$
-34$
-35$
-36$
-37$
-38$
-39$
-40$
-41$
-42$
-43$
-44$
+21$
+20$
+19$
+18$
+17$
+16$
+15$
+14$
+13$
+12$
+11$
+10$
+9$
+8$
+7$
+6$
+5$
+4$
+3$
+2$
+1$
+0$
 $
 23$
-24$
-25$
-26$
-27$
-28$
-29$
-30$
-31$
-32$
-33$
-34$
-35$
-36$
-37$
-38$
-39$
-40$
-41$
-42$
-43$
-44$
-45$
-46$
+22$
+21$
+20$
+19$
+18$
+17$
+16$
+15$
+14$
+13$
+12$
+11$
+10$
+9$
+8$
+7$
+6$
+5$
+4$
+3$
+2$
+1$
+0$
 $
 24$
-25$
-26$
-27$
-28$
-29$
-30$
-31$
-32$
-33$
-34$
-35$
-36$
-37$
-38$
-39$
-40$
-41$
-42$
-43$
-44$
-45$
-46$
-47$
-48$
+23$
+22$
+21$
+20$
+19$
+18$
+17$
+16$
+15$
+14$
+13$
+12$
+11$
+10$
+9$
+8$
+7$
+6$
+5$
+4$
+3$
+2$
+1$
+0$
 $
 25$
-26$
-27$
-28$
-29$
-30$
-31$
-32$
-33$
-34$
-35$
-36$
-37$
-38$
-39$
-40$
-41$
-42$
-43$
-44$
-45$
-46$
-47$
-48$
-49$
-50$
+24$
+23$
+22$
+21$
+20$
+19$
+18$
+17$
+16$
+15$
+14$
+13$
+12$
+11$
+10$
+9$
+8$
+7$
+6$
+5$
+4$
+3$
+2$
+1$
+0$
 $
 26$
-27$
-28$
-29$
-30$
-31$
-32$
-33$
-34$
-35$
-36$
-37$
-38$
-39$
-40$
-41$
-42$
-43$
-44$
-45$
-46$
-47$
-48$
-49$
-50$
-51$
-52$
+25$
+24$
+23$
+22$
+21$
+20$
+19$
+18$
+17$
+16$
+15$
+14$
+13$
+12$
+11$
+10$
+9$
+8$
+7$
+6$
+5$
+4$
+3$
+2$
+1$
+0$
 $
 27$
+26$
+25$
+24$
+23$
+22$
+21$
+20$
+19$
+18$
+17$
+16$
+15$
+14$
+13$
+12$
+11$
+10$
+9$
+8$
+7$
+6$
+5$
+4$
+3$
+2$
+1$
+0$
+$
 28$
+27$
+26$
+25$
+24$
+23$
+22$
+21$
+20$
+19$
+18$
+17$
+16$
+15$
+14$
+13$
+12$
+11$
+10$
+9$
+8$
+7$
+6$
+5$
+4$
+3$
+2$
+1$
+0$
+$
 29$
+28$
+27$
+26$
+25$
+24$
+23$
+22$
+21$
+20$
+19$
+18$
+17$
+16$
+15$
+14$
+13$
+12$
+11$
+10$
+9$
+8$
+7$
+6$
+5$
+4$
+3$
+2$
+1$
+0$
+$
 30$
-31$
-32$
-33$
-34$
-35$
-36$
-37$
-38$
-39$
-40$
-41$
-42$
-43$
-44$
-45$
-46$
-47$
-48$
-49$
-50$
-51$
-52$
-53$
-54$
+29$
+28$
+27$
+26$
+25$
+24$
+23$
+22$
+21$
+20$
+19$
+18$
+17$
+16$
+15$
+14$
+13$
+12$
+11$
+10$
+9$
+8$
+7$
+6$
+5$
+4$
+3$
+2$
+1$
+0$
+$
+31$
+30$
+29$
+28$
+27$
+26$
+25$
+24$
+23$
+22$
+21$
+20$
+19$
+18$
+17$
+16$
+15$
+14$
+13$
+12$
+11$
+10$
+9$
+8$
+7$
+6$
+5$
+4$
+3$
+2$
+1$
+0$
+$
+32$
+31$
+30$
+29$
+28$
+27$
+26$
+25$
+24$
+23$
+22$
+21$
+20$
+19$
+18$
+17$
+16$
+15$
+14$
+13$
+12$
+11$
+10$
+9$
+8$
+7$
+6$
+5$
+4$
+3$
+2$
+1$
+0$
+$
+33$
+32$
+31$
+30$
+29$
+28$
+27$
+26$
+25$
+24$
+23$
+22$
+21$
+20$
+19$
+18$
+17$
+16$
+15$
+14$
+13$
+12$
+11$
+10$
+9$
+8$
+7$
+6$
+5$
+4$
+3$
+2$
+1$
+0$
+$
+34$
+33$
+32$
+31$
+30$
+29$
+28$
+27$
+26$
+25$
+24$
+23$
+22$
+21$
+20$
+19$
+18$
+17$
+16$
+15$
+14$
+13$
+12$
+11$
+10$
+9$
+8$
+7$
+6$
+5$
+4$
+3$
+2$
+1$
+0$
+$
+35$
+34$
+33$
+32$
+31$
+30$
+29$
+28$
+27$
+26$
+25$
+24$
+23$
+22$
+21$
+20$
+19$
+18$
+17$
+16$
+15$
+14$
+13$
+12$
+11$
+10$
+9$
+8$
+7$
+6$
+5$
+4$
+3$
+2$
+1$
+0$
+$
+36$
+35$
+34$
+33$
+32$
+31$
+30$
+29$
+28$
+27$
+26$
+25$
+24$
+23$
+22$
+21$
+20$
+19$
+18$
+17$
+16$
+15$
+14$
+13$
+12$
+11$
+10$
+9$
+8$
+7$
+6$
+5$
+4$
+3$
+2$
+1$
+0$
+$
+37$
+36$
+35$
+34$
+33$
+32$
+31$
+30$
+29$
+28$
+27$
+26$
+25$
+24$
+23$
+22$
+21$
+20$
+19$
+18$
+17$
+16$
+15$
+14$
+13$
+12$
+11$
+10$
+9$
+8$
+7$
+6$
+5$
+4$
+3$
+2$
+1$
+0$
 $
-28$
-29$
-30$
-31$
-32$
-33$
-34$
-35$
-36$
-37$
 38$
-39$
-40$
-41$
-42$
-43$
-44$
-45$
-46$
-47$
-48$
-49$
-50$
-51$
-52$
-53$
-54$
-55$
-56$
-$
-29$
-30$
-31$
-32$
-33$
-34$
-35$
-36$
 37$
-38$
-39$
-40$
-41$
-42$
-43$
-44$
-45$
-46$
-47$
-48$
-49$
-50$
-51$
-52$
-53$
-54$
-55$
-56$
-57$
-58$
-$
-30$
-31$
-32$
-33$
-34$
-35$
 36$
-37$
-38$
-39$
-40$
-41$
-42$
-43$
-44$
-45$
-46$
-47$
-48$
-49$
-50$
-51$
-52$
-53$
-54$
-55$
-56$
-57$
-58$
-59$
-60$
-$
-31$
-32$
-33$
-34$
 35$
-36$
-37$
-38$
-39$
-40$
-41$
-42$
-43$
-44$
-45$
-46$
-47$
-48$
-49$
-50$
-51$
-52$
-53$
-54$
-55$
-56$
-57$
-58$
-59$
-60$
-61$
-62$
-$
-32$
-33$
 34$
-35$
-36$
-37$
-38$
-39$
-40$
-41$
-42$
-43$
-44$
-45$
-46$
-47$
-48$
-49$
-50$
-51$
-52$
-53$
-54$
-55$
-56$
-57$
-58$
-59$
-60$
-61$
-62$
-63$
-64$
-$
 33$
-34$
-35$
-36$
-37$
-38$
-39$
-40$
-41$
-42$
-43$
-44$
-45$
-46$
-47$
-48$
-49$
-50$
-51$
-52$
-53$
-54$
-55$
-56$
-57$
-58$
-59$
-60$
-61$
-62$
-63$
-64$
-65$
-66$
+32$
+31$
+30$
+29$
+28$
+27$
+26$
+25$
+24$
+23$
+22$
+21$
+20$
+19$
+18$
+17$
+16$
+15$
+14$
+13$
+12$
+11$
+10$
+9$
+8$
+7$
+6$
+5$
+4$
+3$
+2$
+1$
+0$
 $
-34$
-35$
-36$
-37$
-38$
 39$
-40$
-41$
-42$
-43$
-44$
-45$
-46$
-47$
-48$
-49$
-50$
-51$
-52$
-53$
-54$
-55$
-56$
-57$
-58$
-59$
-60$
-61$
-62$
-63$
-64$
-65$
-66$
-67$
-68$
-$
-35$
-36$
-37$
 38$
-39$
-40$
-41$
-42$
-43$
-44$
-45$
-46$
-47$
-48$
-49$
-50$
-51$
-52$
-53$
-54$
-55$
-56$
-57$
-58$
-59$
-60$
-61$
-62$
-63$
-64$
-65$
-66$
-67$
-68$
-69$
-70$
-$
-36$
 37$
-38$
-39$
-40$
-41$
-42$
-43$
-44$
-45$
-46$
-47$
-48$
-49$
-50$
-51$
-52$
-53$
-54$
-55$
-56$
-57$
-58$
-59$
-60$
-61$
-62$
-63$
-64$
-65$
-66$
-67$
-68$
-69$
-70$
-71$
-72$
+36$
+35$
+34$
+33$
+32$
+31$
+30$
+29$
+28$
+27$
+26$
+25$
+24$
+23$
+22$
+21$
+20$
+19$
+18$
+17$
+16$
+15$
+14$
+13$
+12$
+11$
+10$
+9$
+8$
+7$
+6$
+5$
+4$
+3$
+2$
+1$
+0$
 $
-37$
-38$
-39$
 40$
-41$
-42$
-43$
-44$
-45$
-46$
-47$
-48$
-49$
-50$
-51$
-52$
-53$
-54$
-55$
-56$
-57$
-58$
-59$
-60$
-61$
-62$
-63$
-64$
-65$
-66$
-67$
-68$
-69$
-70$
-71$
-72$
-73$
-74$
-$
-38$
 39$
-40$
-41$
-42$
-43$
-44$
-45$
-46$
-47$
-48$
-49$
-50$
-51$
-52$
-53$
-54$
-55$
-56$
-57$
-58$
-59$
-60$
-61$
-62$
-63$
-64$
-65$
-66$
-67$
-68$
-69$
-70$
-71$
-72$
-73$
-74$
-75$
-76$
+38$
+37$
+36$
+35$
+34$
+33$
+32$
+31$
+30$
+29$
+28$
+27$
+26$
+25$
+24$
+23$
+22$
+21$
+20$
+19$
+18$
+17$
+16$
+15$
+14$
+13$
+12$
+11$
+10$
+9$
+8$
+7$
+6$
+5$
+4$
+3$
+2$
+1$
+0$
 $
-39$
-40$
 41$
-42$
-43$
-44$
-45$
-46$
-47$
-48$
-49$
-50$
-51$
-52$
-53$
-54$
-55$
-56$
-57$
-58$
-59$
-60$
-61$
-62$
-63$
-64$
-65$
-66$
-67$
-68$
-69$
-70$
-71$
-72$
-73$
-74$
-75$
-76$
-77$
-78$
-$
 40$
-41$
-42$
-43$
-44$
-45$
-46$
-47$
-48$
-49$
-50$
-51$
-52$
-53$
-54$
-55$
-56$
-57$
-58$
-59$
-60$
-61$
-62$
-63$
-64$
-65$
-66$
-67$
-68$
-69$
-70$
-71$
-72$
-73$
-74$
-75$
-76$
-77$
-78$
-79$
-80$
-$
-41$
-42$
-43$
-44$
-45$
-46$
-47$
-48$
-49$
-50$
-51$
-52$
-53$
-54$
-55$
-56$
-57$
-58$
-59$
-60$
-61$
-62$
-63$
-64$
-65$
-66$
-67$
-68$
-69$
-70$
-71$
-72$
-73$
-74$
-75$
-76$
-77$
-78$
-79$
-80$
-81$
-82$
+39$
+38$
+37$
+36$
+35$
+34$
+33$
+32$
+31$
+30$
+29$
+28$
+27$
+26$
+25$
+24$
+23$
+22$
+21$
+20$
+19$
+18$
+17$
+16$
+15$
+14$
+13$
+12$
+11$
+10$
+9$
+8$
+7$
+6$
+5$
+4$
+3$
+2$
+1$
+0$
 $

Diff KO :(
Grade: 0

= Final grade: 0 ===============================================================
